2024-10-11 13:18:25,735 [main] INFO CoverFox - openinng application
2024-10-11 13:18:26,350 [main] INFO CoverFox - clicking on gender button
2024-10-11 13:18:27,488 [main] INFO CoverFox - clicking on next button
2024-10-11 13:18:29,766 [main] INFO CoverFox - handling age dropdown
2024-10-11 13:18:29,859 [main] INFO CoverFox - clicking on next button
2024-10-11 13:18:31,079 [main] INFO CoverFox - entering pincode
2024-10-11 13:18:31,235 [main] INFO CoverFox - entering mobile number
2024-10-11 13:18:31,311 [main] INFO CoverFox - clicking on conntinue button
2024-10-11 13:18:35,428 [main] INFO CoverFox - validating results
2024-10-11 13:37:28,822 [main] INFO CoverFox - openinng application
2024-10-11 13:37:30,090 [main] INFO CoverFox - Clicking on gender button
2024-10-11 13:37:31,246 [main] INFO CoverFox - Clicking on next button
2024-10-11 13:37:33,524 [main] INFO CoverFox - Handling age dropdown
2024-10-11 13:37:33,588 [main] INFO CoverFox - Clicking on next button
2024-10-11 13:37:34,595 [main] WARN CoverFox - Enter valid pincode
2024-10-11 13:37:34,807 [main] INFO CoverFox - Entering pincode
2024-10-11 13:37:34,808 [main] WARN CoverFox - Enter valid mobile number
2024-10-11 13:37:34,951 [main] INFO CoverFox - Entering mobile number
2024-10-11 13:37:35,022 [main] INFO CoverFox - Clicking on conntinue button
2024-10-11 13:37:35,022 [main] ERROR CoverFox - Worng Details: Please chek the deatils
2024-10-11 13:37:39,104 [main] INFO CoverFox - validating results
2024-10-11 13:39:45,794 [main] INFO CoverFox - openinng application
2024-10-11 13:39:46,429 [main] INFO CoverFox - Clicking on gender button
2024-10-11 13:39:47,535 [main] INFO CoverFox - Clicking on next button
2024-10-11 13:39:49,660 [main] INFO CoverFox - Handling age dropdown
2024-10-11 13:39:49,719 [main] INFO CoverFox - Clicking on next button
2024-10-11 13:39:50,724 [main] WARN CoverFox - Enter valid pincode
2024-10-11 13:39:50,982 [main] INFO CoverFox - Entering pincode
2024-10-11 13:39:50,982 [main] WARN CoverFox - Enter valid mobile number
2024-10-11 13:39:51,144 [main] INFO CoverFox - Entering mobile number
2024-10-11 13:39:51,215 [main] INFO CoverFox - Clicking on conntinue button
2024-10-11 13:39:51,215 [main] ERROR CoverFox - Worng Details: Please chek the deatils
2024-10-11 13:39:55,321 [main] INFO CoverFox - validating results
2024-10-13 19:04:50,867 [main] INFO CoverFox - openinng application
2024-10-13 19:04:51,725 [main] INFO CoverFox - Clicking on gender button
2024-10-13 19:04:53,026 [main] INFO CoverFox - Clicking on next button
2024-10-13 19:04:55,285 [main] INFO CoverFox - Handling age dropdown
2024-10-13 19:04:55,366 [main] INFO CoverFox - Clicking on next button
2024-10-13 19:04:56,379 [main] WARN CoverFox - Enter valid pincode
2024-10-13 19:04:56,617 [main] INFO CoverFox - Entering pincode
2024-10-13 19:04:56,617 [main] WARN CoverFox - Enter valid mobile number
2024-10-13 19:04:56,800 [main] INFO CoverFox - Entering mobile number
2024-10-13 19:04:56,886 [main] INFO CoverFox - Clicking on conntinue button
2024-10-13 19:04:56,887 [main] ERROR CoverFox - Worng Details: Please chek the deatils
2024-10-13 19:05:01,040 [main] INFO CoverFox - validating results
2024-10-13 19:07:41,107 [main] INFO CoverFox - openinng application
2024-10-13 19:07:41,674 [main] INFO CoverFox - Clicking on gender button
2024-10-13 19:07:42,968 [main] INFO CoverFox - Clicking on next button
2024-10-13 19:07:45,684 [main] INFO CoverFox - Handling age dropdown
2024-10-13 19:07:45,759 [main] INFO CoverFox - Clicking on next button
2024-10-13 19:07:46,765 [main] WARN CoverFox - Enter valid pincode
2024-10-13 19:07:47,023 [main] INFO CoverFox - Entering pincode
2024-10-13 19:07:47,024 [main] WARN CoverFox - Enter valid mobile number
2024-10-13 19:07:47,266 [main] INFO CoverFox - Entering mobile number
2024-10-13 19:07:47,351 [main] INFO CoverFox - Clicking on conntinue button
2024-10-13 19:07:47,352 [main] ERROR CoverFox - Worng Details: Please chek the deatils
2024-10-13 19:07:51,520 [main] INFO CoverFox - validating results
2024-10-13 19:07:54,779 [main] INFO CoverFox - openinng application
2024-10-13 19:07:55,492 [main] INFO CoverFox - Clicking on gender button
2024-10-13 19:07:56,680 [main] INFO CoverFox - Clicking on next button
2024-10-13 19:07:57,962 [main] INFO CoverFox - Handling age dropdown
2024-10-13 19:07:58,030 [main] INFO CoverFox - Clicking on next button
2024-10-13 19:07:59,032 [main] WARN CoverFox - Enter valid pincode
2024-10-13 19:07:59,274 [main] INFO CoverFox - Entering pincode
2024-10-13 19:07:59,274 [main] WARN CoverFox - Enter valid mobile number
2024-10-13 19:07:59,435 [main] INFO CoverFox - Entering mobile number
2024-10-13 19:07:59,518 [main] INFO CoverFox - Clicking on conntinue button
2024-10-13 19:07:59,519 [main] ERROR CoverFox - Worng Details: Please chek the deatils
2024-10-13 19:08:03,632 [main] INFO CoverFox - validating results
2024-10-13 19:08:18,504 [main] INFO CoverFox - openinng application
2024-10-13 19:08:19,276 [main] INFO CoverFox - Clicking on gender button
2024-10-13 19:08:20,443 [main] INFO CoverFox - Clicking on next button
2024-10-13 19:08:21,903 [main] INFO CoverFox - Handling age dropdown
2024-10-13 19:08:21,973 [main] INFO CoverFox - Clicking on next button
2024-10-13 19:08:22,978 [main] WARN CoverFox - Enter valid pincode
2024-10-13 19:08:23,292 [main] INFO CoverFox - Entering pincode
2024-10-13 19:08:23,292 [main] WARN CoverFox - Enter valid mobile number
2024-10-13 19:08:23,552 [main] INFO CoverFox - Entering mobile number
2024-10-13 19:08:23,637 [main] INFO CoverFox - Clicking on conntinue button
2024-10-13 19:08:23,637 [main] ERROR CoverFox - Worng Details: Please chek the deatils
2024-10-13 19:08:27,787 [main] INFO CoverFox - validating results
2024-10-13 19:08:37,452 [main] INFO CoverFox - openinng application
2024-10-13 19:08:38,311 [main] INFO CoverFox - Clicking on gender button
2024-10-13 19:08:39,680 [main] INFO CoverFox - Clicking on next button
2024-10-13 19:08:41,180 [main] INFO CoverFox - Handling age dropdown
2024-10-13 19:08:41,444 [main] INFO CoverFox - Clicking on next button
2024-10-13 19:08:42,447 [main] WARN CoverFox - Enter valid pincode
2024-10-13 19:08:42,562 [main] INFO CoverFox - Entering pincode
2024-10-13 19:08:42,563 [main] WARN CoverFox - Enter valid mobile number
2024-10-13 19:08:42,701 [main] INFO CoverFox - Entering mobile number
2024-10-13 19:08:43,019 [main] INFO CoverFox - Clicking on conntinue button
2024-10-13 19:08:43,020 [main] ERROR CoverFox - Worng Details: Please chek the deatils
2024-10-13 19:08:47,094 [main] INFO CoverFox - validating results
2024-10-13 20:35:23,530 [main] INFO CoverFox - openinng application
2024-10-13 20:35:40,559 [main] INFO CoverFox - Clicking on gender button
2024-10-13 20:35:41,753 [main] INFO CoverFox - Clicking on next button
2024-10-13 20:35:45,236 [main] INFO CoverFox - Handling age dropdown
2024-10-13 20:35:45,351 [main] INFO CoverFox - Clicking on next button
2024-10-13 20:35:46,616 [main] INFO CoverFox - Entering pincode
2024-10-13 20:35:46,703 [main] INFO CoverFox - Clicking on conntinue button
2024-10-13 20:41:11,406 [main] INFO CoverFox - openinng application
2024-10-13 20:41:12,872 [main] INFO CoverFox - Clicking on gender button
2024-10-13 20:41:13,988 [main] INFO CoverFox - Clicking on next button
2024-10-13 20:41:16,524 [main] INFO CoverFox - Handling age dropdown
2024-10-13 20:41:16,598 [main] INFO CoverFox - Clicking on next button
2024-10-13 20:41:17,915 [main] INFO CoverFox - Entering pincode
2024-10-13 20:41:18,006 [main] INFO CoverFox - Clicking on conntinue button
2024-10-13 20:41:23,346 [main] INFO CoverFox - openinng application
2024-10-13 20:41:24,141 [main] INFO CoverFox - Clicking on gender button
2024-10-13 20:41:25,341 [main] INFO CoverFox - Clicking on next button
2024-10-13 20:41:26,854 [main] INFO CoverFox - Handling age dropdown
2024-10-13 20:41:27,068 [main] INFO CoverFox - Clicking on next button
2024-10-13 20:41:28,415 [main] INFO CoverFox - Entering mobile number
2024-10-13 20:41:28,497 [main] INFO CoverFox - Clicking on conntinue button
2024-10-13 20:48:39,834 [main] INFO CoverFox - openinng application
2024-10-13 20:48:41,066 [main] INFO CoverFox - Clicking on gender button
2024-10-13 20:48:42,353 [main] INFO CoverFox - Clicking on next button
2024-10-13 20:48:45,303 [main] INFO CoverFox - Handling age dropdown
2024-10-13 20:48:45,394 [main] INFO CoverFox - Clicking on next button
2024-10-13 20:48:46,699 [main] INFO CoverFox - Entering pincode
2024-10-13 20:48:46,772 [main] INFO CoverFox - Clicking on conntinue button
2024-10-13 20:48:56,195 [main] INFO CoverFox - openinng application
2024-10-13 20:48:57,216 [main] INFO CoverFox - Clicking on gender button
2024-10-13 20:48:58,430 [main] INFO CoverFox - Clicking on next button
2024-10-13 20:49:00,325 [main] INFO CoverFox - Handling age dropdown
2024-10-13 20:49:00,411 [main] INFO CoverFox - Clicking on next button
2024-10-13 20:49:01,684 [main] INFO CoverFox - Entering mobile number
2024-10-13 20:49:01,773 [main] INFO CoverFox - Clicking on conntinue button
2024-10-13 20:57:22,473 [main] INFO CoverFox - openinng application
2024-10-13 20:57:23,119 [main] INFO CoverFox - Clicking on gender button
2024-10-13 20:57:24,305 [main] INFO CoverFox - Clicking on next button
2024-10-13 20:57:27,277 [main] INFO CoverFox - Handling age dropdown
2024-10-13 20:57:27,378 [main] INFO CoverFox - Clicking on next button
2024-10-13 20:57:28,394 [main] WARN CoverFox - Enter valid pincode
2024-10-13 20:57:28,749 [main] INFO CoverFox - Entering pincode
2024-10-13 20:57:28,749 [main] WARN CoverFox - Enter valid mobile number
2024-10-13 20:57:28,978 [main] INFO CoverFox - Entering mobile number
2024-10-13 20:57:29,067 [main] INFO CoverFox - Clicking on conntinue button
2024-10-13 20:57:29,067 [main] ERROR CoverFox - Worng Details: Please chek the deatils
2024-10-13 20:57:33,296 [main] INFO CoverFox - validating results
2024-10-13 20:57:38,106 [main] INFO CoverFox - openinng application
2024-10-13 20:57:38,776 [main] INFO CoverFox - Clicking on gender button
2024-10-13 20:57:39,876 [main] INFO CoverFox - Clicking on next button
2024-10-13 20:57:41,216 [main] INFO CoverFox - Handling age dropdown
2024-10-13 20:57:41,279 [main] INFO CoverFox - Clicking on next button
2024-10-13 20:57:42,287 [main] WARN CoverFox - Enter valid pincode
2024-10-13 20:57:42,546 [main] INFO CoverFox - Entering pincode
2024-10-13 20:57:42,547 [main] WARN CoverFox - Enter valid mobile number
2024-10-13 20:57:42,768 [main] INFO CoverFox - Entering mobile number
2024-10-13 20:57:42,837 [main] INFO CoverFox - Clicking on conntinue button
2024-10-13 20:57:42,837 [main] ERROR CoverFox - Worng Details: Please chek the deatils
2024-10-13 20:57:47,023 [main] INFO CoverFox - validating results
2024-10-13 20:57:57,138 [main] INFO CoverFox - openinng application
2024-10-13 20:57:58,188 [main] INFO CoverFox - Clicking on gender button
2024-10-13 20:57:59,581 [main] INFO CoverFox - Clicking on next button
2024-10-13 20:58:01,303 [main] INFO CoverFox - Handling age dropdown
2024-10-13 20:58:01,586 [main] INFO CoverFox - Clicking on next button
2024-10-13 20:58:02,596 [main] WARN CoverFox - Enter valid pincode
2024-10-13 20:58:02,859 [main] INFO CoverFox - Entering pincode
2024-10-13 20:58:02,860 [main] WARN CoverFox - Enter valid mobile number
2024-10-13 20:58:03,089 [main] INFO CoverFox - Entering mobile number
2024-10-13 20:58:03,392 [main] INFO CoverFox - Clicking on conntinue button
2024-10-13 20:58:03,392 [main] ERROR CoverFox - Worng Details: Please chek the deatils
2024-10-13 20:58:07,487 [main] INFO CoverFox - validating results
2024-10-13 20:58:28,905 [main] INFO CoverFox - openinng application
2024-10-13 20:58:29,650 [main] INFO CoverFox - Clicking on gender button
2024-10-13 20:58:30,758 [main] INFO CoverFox - Clicking on next button
2024-10-13 20:58:33,866 [main] INFO CoverFox - Handling age dropdown
2024-10-13 20:58:33,952 [main] INFO CoverFox - Clicking on next button
2024-10-13 20:58:34,967 [main] WARN CoverFox - Enter valid pincode
2024-10-13 20:58:35,246 [main] INFO CoverFox - Entering pincode
2024-10-13 20:58:35,247 [main] WARN CoverFox - Enter valid mobile number
2024-10-13 20:58:35,467 [main] INFO CoverFox - Entering mobile number
2024-10-13 20:58:35,560 [main] INFO CoverFox - Clicking on conntinue button
2024-10-13 20:58:35,560 [main] ERROR CoverFox - Worng Details: Please chek the deatils
2024-10-13 20:58:39,655 [main] INFO CoverFox - validating results
2024-10-13 20:59:00,834 [main] INFO CoverFox - openinng application
2024-10-13 20:59:01,566 [main] INFO CoverFox - Clicking on gender button
2024-10-13 20:59:02,741 [main] INFO CoverFox - Clicking on next button
2024-10-13 20:59:05,728 [main] INFO CoverFox - Handling age dropdown
2024-10-13 20:59:05,792 [main] INFO CoverFox - Clicking on next button
2024-10-13 20:59:07,081 [main] INFO CoverFox - Entering pincode
2024-10-13 20:59:07,160 [main] INFO CoverFox - Clicking on conntinue button
2024-10-13 20:59:10,266 [main] INFO CoverFox - openinng application
2024-10-13 20:59:12,745 [main] INFO CoverFox - Clicking on gender button
2024-10-13 20:59:13,946 [main] INFO CoverFox - Clicking on next button
2024-10-13 20:59:15,300 [main] INFO CoverFox - Handling age dropdown
2024-10-13 20:59:15,373 [main] INFO CoverFox - Clicking on next button
2024-10-13 20:59:16,760 [main] INFO CoverFox - Entering mobile number
2024-10-13 20:59:16,853 [main] INFO CoverFox - Clicking on conntinue button
2024-10-13 21:00:34,646 [main] INFO CoverFox - openinng application
2024-10-13 21:00:35,258 [main] INFO CoverFox - Clicking on gender button
2024-10-13 21:00:36,445 [main] INFO CoverFox - Clicking on next button
2024-10-13 21:00:39,423 [main] INFO CoverFox - Handling age dropdown
2024-10-13 21:00:39,516 [main] INFO CoverFox - Clicking on next button
2024-10-13 21:00:40,823 [main] INFO CoverFox - Entering pincode
2024-10-13 21:00:40,899 [main] INFO CoverFox - Clicking on conntinue button
2024-10-13 21:00:46,351 [main] INFO CoverFox - openinng application
2024-10-13 21:00:46,911 [main] INFO CoverFox - Clicking on gender button
2024-10-13 21:00:48,052 [main] INFO CoverFox - Clicking on next button
2024-10-13 21:00:49,349 [main] INFO CoverFox - Handling age dropdown
2024-10-13 21:00:49,421 [main] INFO CoverFox - Clicking on next button
2024-10-13 21:00:50,681 [main] INFO CoverFox - Entering mobile number
2024-10-13 21:00:50,738 [main] INFO CoverFox - Clicking on conntinue button
2024-10-13 21:04:10,804 [main] INFO CoverFox - openinng application
2024-10-13 21:04:11,517 [main] INFO CoverFox - Clicking on gender button
2024-10-13 21:04:12,696 [main] INFO CoverFox - Clicking on next button
2024-10-13 21:04:15,547 [main] INFO CoverFox - Handling age dropdown
2024-10-13 21:04:15,631 [main] INFO CoverFox - Clicking on next button
2024-10-13 21:04:16,646 [main] WARN CoverFox - Enter valid pincode
2024-10-13 21:04:16,931 [main] INFO CoverFox - Entering pincode
2024-10-13 21:04:16,931 [main] WARN CoverFox - Enter valid mobile number
2024-10-13 21:04:17,133 [main] INFO CoverFox - Entering mobile number
2024-10-13 21:04:17,210 [main] INFO CoverFox - Clicking on conntinue button
2024-10-13 21:04:17,211 [main] ERROR CoverFox - Worng Details: Please chek the deatils
2024-10-13 21:04:21,463 [main] INFO CoverFox - validating results
2024-10-13 21:04:25,171 [main] INFO CoverFox - openinng application
2024-10-13 21:04:25,847 [main] INFO CoverFox - Clicking on gender button
2024-10-13 21:04:26,949 [main] INFO CoverFox - Clicking on next button
2024-10-13 21:04:28,212 [main] INFO CoverFox - Handling age dropdown
2024-10-13 21:04:28,283 [main] INFO CoverFox - Clicking on next button
2024-10-13 21:04:29,286 [main] WARN CoverFox - Enter valid pincode
2024-10-13 21:04:29,563 [main] INFO CoverFox - Entering pincode
2024-10-13 21:04:29,564 [main] WARN CoverFox - Enter valid mobile number
2024-10-13 21:04:29,759 [main] INFO CoverFox - Entering mobile number
2024-10-13 21:04:29,834 [main] INFO CoverFox - Clicking on conntinue button
2024-10-13 21:04:29,834 [main] ERROR CoverFox - Worng Details: Please chek the deatils
2024-10-13 21:04:34,042 [main] INFO CoverFox - validating results
2024-10-13 21:04:38,107 [main] INFO CoverFox - openinng application
2024-10-13 21:04:38,568 [main] INFO CoverFox - Clicking on gender button
2024-10-13 21:04:39,738 [main] INFO CoverFox - Clicking on next button
2024-10-13 21:04:41,122 [main] INFO CoverFox - Handling age dropdown
2024-10-13 21:04:41,193 [main] INFO CoverFox - Clicking on next button
2024-10-13 21:04:42,202 [main] WARN CoverFox - Enter valid pincode
2024-10-13 21:04:42,528 [main] INFO CoverFox - Entering pincode
2024-10-13 21:04:42,528 [main] WARN CoverFox - Enter valid mobile number
2024-10-13 21:04:42,772 [main] INFO CoverFox - Entering mobile number
2024-10-13 21:04:42,861 [main] INFO CoverFox - Clicking on conntinue button
2024-10-13 21:04:42,861 [main] ERROR CoverFox - Worng Details: Please chek the deatils
2024-10-13 21:04:47,035 [main] INFO CoverFox - validating results
2024-10-13 21:04:55,481 [main] INFO CoverFox - openinng application
2024-10-13 21:04:56,176 [main] INFO CoverFox - Clicking on gender button
2024-10-13 21:04:57,453 [main] INFO CoverFox - Clicking on next button
2024-10-13 21:04:59,089 [main] INFO CoverFox - Handling age dropdown
2024-10-13 21:04:59,336 [main] INFO CoverFox - Clicking on next button
2024-10-13 21:05:00,343 [main] WARN CoverFox - Enter valid pincode
2024-10-13 21:05:00,549 [main] INFO CoverFox - Entering pincode
2024-10-13 21:05:00,550 [main] WARN CoverFox - Enter valid mobile number
2024-10-13 21:05:00,733 [main] INFO CoverFox - Entering mobile number
2024-10-13 21:05:01,022 [main] INFO CoverFox - Clicking on conntinue button
2024-10-13 21:05:01,023 [main] ERROR CoverFox - Worng Details: Please chek the deatils
2024-10-13 21:05:05,099 [main] INFO CoverFox - validating results
2024-10-13 21:05:09,097 [main] INFO CoverFox - openinng application
2024-10-13 21:05:09,742 [main] INFO CoverFox - Clicking on gender button
2024-10-13 21:05:10,977 [main] INFO CoverFox - Clicking on next button
2024-10-13 21:05:12,304 [main] INFO CoverFox - Handling age dropdown
2024-10-13 21:05:12,371 [main] INFO CoverFox - Clicking on next button
2024-10-13 21:05:13,635 [main] INFO CoverFox - Entering pincode
2024-10-13 21:05:13,706 [main] INFO CoverFox - Clicking on conntinue button
2024-10-13 21:05:17,175 [main] INFO CoverFox - openinng application
2024-10-13 21:05:17,837 [main] INFO CoverFox - Clicking on gender button
2024-10-13 21:05:19,124 [main] INFO CoverFox - Clicking on next button
2024-10-13 21:05:20,477 [main] INFO CoverFox - Handling age dropdown
2024-10-13 21:05:20,563 [main] INFO CoverFox - Clicking on next button
2024-10-13 21:05:21,810 [main] INFO CoverFox - Entering mobile number
2024-10-13 21:05:21,876 [main] INFO CoverFox - Clicking on conntinue button
2024-10-14 13:42:45,550 [main] INFO CoverFox - openinng application
2024-10-14 13:42:46,262 [main] INFO CoverFox - Clicking on gender button
2024-10-14 13:42:47,335 [main] INFO CoverFox - Clicking on next button
2024-10-14 13:42:49,559 [main] INFO CoverFox - Handling age dropdown
2024-10-14 13:42:49,625 [main] INFO CoverFox - Clicking on next button
2024-10-14 13:42:50,636 [main] WARN CoverFox - Enter valid pincode
2024-10-14 13:42:50,891 [main] INFO CoverFox - Entering pincode
2024-10-14 13:42:50,892 [main] WARN CoverFox - Enter valid mobile number
2024-10-14 13:42:51,118 [main] INFO CoverFox - Entering mobile number
2024-10-14 13:42:51,193 [main] INFO CoverFox - Clicking on conntinue button
2024-10-14 13:42:51,194 [main] ERROR CoverFox - Worng Details: Please chek the deatils
2024-10-14 13:42:55,323 [main] INFO CoverFox - validating results
2024-10-14 13:42:57,289 [main] INFO CoverFox - openinng application
2024-10-14 13:43:00,614 [main] INFO CoverFox - Clicking on gender button
2024-10-14 13:43:01,714 [main] INFO CoverFox - Clicking on next button
2024-10-14 13:43:02,961 [main] INFO CoverFox - Handling age dropdown
2024-10-14 13:43:03,030 [main] INFO CoverFox - Clicking on next button
2024-10-14 13:43:04,042 [main] WARN CoverFox - Enter valid pincode
2024-10-14 13:43:04,263 [main] INFO CoverFox - Entering pincode
2024-10-14 13:43:04,264 [main] WARN CoverFox - Enter valid mobile number
2024-10-14 13:43:04,424 [main] INFO CoverFox - Entering mobile number
2024-10-14 13:43:04,494 [main] INFO CoverFox - Clicking on conntinue button
2024-10-14 13:43:04,494 [main] ERROR CoverFox - Worng Details: Please chek the deatils
2024-10-14 13:43:08,576 [main] INFO CoverFox - validating results
2024-10-14 13:43:14,758 [main] INFO CoverFox - openinng application
2024-10-14 13:43:15,294 [main] INFO CoverFox - Clicking on gender button
2024-10-14 13:43:16,427 [main] INFO CoverFox - Clicking on next button
2024-10-14 13:43:17,713 [main] INFO CoverFox - Handling age dropdown
2024-10-14 13:43:17,781 [main] INFO CoverFox - Clicking on next button
2024-10-14 13:43:18,798 [main] WARN CoverFox - Enter valid pincode
2024-10-14 13:43:19,022 [main] INFO CoverFox - Entering pincode
2024-10-14 13:43:19,023 [main] WARN CoverFox - Enter valid mobile number
2024-10-14 13:43:19,227 [main] INFO CoverFox - Entering mobile number
2024-10-14 13:43:19,352 [main] INFO CoverFox - Clicking on conntinue button
2024-10-14 13:43:19,353 [main] ERROR CoverFox - Worng Details: Please chek the deatils
2024-10-14 13:43:23,452 [main] INFO CoverFox - validating results
2024-10-14 13:43:32,186 [main] INFO CoverFox - openinng application
2024-10-14 13:43:33,536 [main] INFO CoverFox - Clicking on gender button
2024-10-14 13:43:34,769 [main] INFO CoverFox - Clicking on next button
2024-10-14 13:43:36,548 [main] INFO CoverFox - Handling age dropdown
2024-10-14 13:43:36,832 [main] INFO CoverFox - Clicking on next button
2024-10-14 13:43:37,845 [main] WARN CoverFox - Enter valid pincode
2024-10-14 13:43:38,044 [main] INFO CoverFox - Entering pincode
2024-10-14 13:43:38,044 [main] WARN CoverFox - Enter valid mobile number
2024-10-14 13:43:38,282 [main] INFO CoverFox - Entering mobile number
2024-10-14 13:43:38,586 [main] INFO CoverFox - Clicking on conntinue button
2024-10-14 13:43:38,586 [main] ERROR CoverFox - Worng Details: Please chek the deatils
2024-10-14 13:43:42,645 [main] INFO CoverFox - validating results
2024-10-14 13:43:47,118 [main] INFO CoverFox - openinng application
2024-10-14 13:43:49,602 [main] INFO CoverFox - Clicking on gender button
2024-10-14 13:43:50,771 [main] INFO CoverFox - Clicking on next button
2024-10-14 13:43:52,035 [main] INFO CoverFox - Handling age dropdown
2024-10-14 13:43:52,101 [main] INFO CoverFox - Clicking on next button
2024-10-14 13:43:53,287 [main] INFO CoverFox - Entering pincode
2024-10-14 13:43:53,350 [main] INFO CoverFox - Clicking on conntinue button
2024-10-14 13:43:53,407 [main] INFO CoverFox - Validating Mobile number error message
2024-10-14 13:43:57,966 [main] INFO CoverFox - openinng application
2024-10-14 13:43:58,683 [main] INFO CoverFox - Clicking on gender button
2024-10-14 13:43:59,786 [main] INFO CoverFox - Clicking on next button
2024-10-14 13:44:01,014 [main] INFO CoverFox - Handling age dropdown
2024-10-14 13:44:01,080 [main] INFO CoverFox - Clicking on next button
2024-10-14 13:44:02,195 [main] INFO CoverFox - Clicking on conntinue button
2024-10-14 13:44:02,305 [main] INFO CoverFox - Validating pincode and mobile number error message
2024-10-14 13:44:05,497 [main] INFO CoverFox - openinng application
2024-10-14 13:44:07,993 [main] INFO CoverFox - Clicking on gender button
2024-10-14 13:44:09,187 [main] INFO CoverFox - Clicking on next button
2024-10-14 13:44:10,443 [main] INFO CoverFox - Handling age dropdown
2024-10-14 13:44:10,510 [main] INFO CoverFox - Clicking on next button
2024-10-14 13:44:11,698 [main] INFO CoverFox - Entering mobile number
2024-10-14 13:44:11,773 [main] INFO CoverFox - Clicking on conntinue button
2024-10-14 13:44:11,828 [main] INFO CoverFox - Validating pincode error message
